<?xml version="1.0" encoding="UTF-8"?>
<testsuite name="com.kodilla.stream.array.ArrayOperationsTestSuite" tests="2" skipped="0" failures="0" errors="0" timestamp="2018-10-24T10:07:37" hostname="DESKTOP-MOIRAR3" time="0.007">
  <properties/>
  <testcase name="testGetAverage2" classname="com.kodilla.stream.array.ArrayOperationsTestSuite" time="0.006"/>
  <testcase name="testGetAverage" classname="com.kodilla.stream.array.ArrayOperationsTestSuite" time="0.001"/>
  <system-out><![CDATA[1
3
4
2
1
3
4
2
]]></system-out>
  <system-err><![CDATA[]]></system-err>
</testsuite>
