<?xml version="1.0" encoding="UTF-8"?>
<testsuite name="com.kodilla.testing.forum.statistics.ForumStatisticsTestSuite" tests="5" skipped="0" failures="0" errors="0" timestamp="2018-10-24T10:07:38" hostname="DESKTOP-MOIRAR3" time="0.114">
  <properties/>
  <testcase name="testCalculateAdvStatisticsMoreCommentsThanPosts" classname="com.kodilla.testing.forum.statistics.ForumStatisticsTestSuite" time="0.111"/>
  <testcase name="testCalculateAdvStatistics0Posts" classname="com.kodilla.testing.forum.statistics.ForumStatisticsTestSuite" time="0.0"/>
  <testcase name="testCalculateAdvStatistics0Users" classname="com.kodilla.testing.forum.statistics.ForumStatisticsTestSuite" time="0.001"/>
  <testcase name="testCalculateAdvStatistics100Posts" classname="com.kodilla.testing.forum.statistics.ForumStatisticsTestSuite" time="0.0"/>
  <testcase name="testCalculateAdvStatisticsLessCommentsThanPosts" classname="com.kodilla.testing.forum.statistics.ForumStatisticsTestSuite" time="0.001"/>
  <system-out><![CDATA[Tests starting:
New case: 500 posts, 2000 users, 1000 comments
Case tested
New case: 0 posts, 1000 users, 0 comments
Case tested
New case: 0 posts, 0 users, 0 comments
Case tested
New case: 1000 posts, 1000 users, 0 comments
Case tested
New case: 1000 posts, 2000 users, 500 comments
Case tested
Tests finished
]]></system-out>
  <system-err><![CDATA[]]></system-err>
</testsuite>
