<?xml version="1.0" encoding="UTF-8"?>
<testsuite name="com.kodilla.testing.library.BookDirectoryTestSuite" tests="6" skipped="0" failures="0" errors="0" timestamp="2018-10-16T14:12:14" hostname="DESKTOP-MOIRAR3" time="0.008">
  <properties/>
  <testcase name="testListBooksWithConditionFragmentShorterThan3" classname="com.kodilla.testing.library.BookDirectoryTestSuite" time="0.005"/>
  <testcase name="testListBooksInHandsOfWith1Book" classname="com.kodilla.testing.library.BookDirectoryTestSuite" time="0.001"/>
  <testcase name="testListBooksWithConditionMoreThan20" classname="com.kodilla.testing.library.BookDirectoryTestSuite" time="0.001"/>
  <testcase name="testListBooksWithConditionsReturnList" classname="com.kodilla.testing.library.BookDirectoryTestSuite" time="0.0"/>
  <testcase name="testListBooksInHandsOfWith0Books" classname="com.kodilla.testing.library.BookDirectoryTestSuite" time="0.0"/>
  <testcase name="testListBooksInHandsOfWith5Books" classname="com.kodilla.testing.library.BookDirectoryTestSuite" time="0.0"/>
  <system-out><![CDATA[Starting tests
Testing case #1: Searched phrase shorter than 3 characters
Case tested
Testing case #2: Result when user borrowed 1 book
Case tested
Testing case #3: More than 20 results
Case tested
Testing case #4: Results by title fragment
Case tested
Testing case #5: Result when user borrowed 0 books
Case tested
Testing case #6: Result when user borrowed 5 books
Case tested
Tests finished
]]></system-out>
  <system-err><![CDATA[]]></system-err>
</testsuite>
